<?xml version="1.0" encoding="UTF-8"?>
<testng-results ignored="0" total="1" passed="1" failed="0" skipped="0">
  <reporter-output>
  </reporter-output>
  <suite started-at="2025-10-29T02:03:17 IST" name="Carina Demo Tests - Hello World" finished-at="2025-10-29T02:03:17 IST" duration-ms="304">
    <groups>
    </groups>
    <test started-at="2025-10-29T02:03:17 IST" name="Hello World test" finished-at="2025-10-29T02:03:17 IST" duration-ms="304">
      <class name="group1.carina.demo.HelloWorld">
        <test-method signature="helloWorld()[pri:0, instance:group1.carina.demo.HelloWorld@b2e1df3]" started-at="2025-10-29T02:03:17 IST" name="helloWorld" finished-at="2025-10-29T02:03:17 IST" duration-ms="95" status="PASS">
          <reporter-output>
          </reporter-output>
        </test-method> <!-- helloWorld -->
        <test-method is-config="true" signature="onCarinaAfterMethod()[pri:0, instance:group1.carina.demo.HelloWorld@b2e1df3]" started-at="2025-10-29T02:03:17 IST" name="onCarinaAfterMethod" finished-at="2025-10-29T02:03:17 IST" duration-ms="6" status="PASS">
          <reporter-output>
          </reporter-output>
        </test-method> <!-- onCarinaAfterMethod -->
      </class> <!-- group1.carina.demo.HelloWorld -->
    </test> <!-- Hello World test -->
  </suite> <!-- Carina Demo Tests - Hello World -->
</testng-results>
